{"name":"hexo","hostname":"lenchu-Lenovo-Y430P","pid":12036,"level":20,"msg":"Hexo version: \u001b[35m3.7.1\u001b[39m","time":"2018-08-09T03:48:31.849Z","v":0}
{"name":"hexo","hostname":"lenchu-Lenovo-Y430P","pid":12036,"level":20,"msg":"Working directory: \u001b[35m~/Projects/nodeProjects/blog/\u001b[39m","time":"2018-08-09T03:48:31.851Z","v":0}
{"name":"hexo","hostname":"lenchu-Lenovo-Y430P","pid":12036,"level":20,"msg":"Updating package.json","time":"2018-08-09T03:48:31.905Z","v":0}
{"name":"hexo","hostname":"lenchu-Lenovo-Y430P","pid":12036,"level":20,"msg":"Config loaded: \u001b[35m~/Projects/nodeProjects/blog/_config.yml\u001b[39m","time":"2018-08-09T03:48:31.912Z","v":0}
{"name":"hexo","hostname":"lenchu-Lenovo-Y430P","pid":12036,"level":20,"msg":"Plugin loaded: \u001b[35mhexo-generator-archive\u001b[39m","time":"2018-08-09T03:48:31.922Z","v":0}
{"name":"hexo","hostname":"lenchu-Lenovo-Y430P","pid":12036,"level":20,"msg":"Plugin loaded: \u001b[35mhexo-generator-category\u001b[39m","time":"2018-08-09T03:48:31.924Z","v":0}
{"name":"hexo","hostname":"lenchu-Lenovo-Y430P","pid":12036,"level":20,"msg":"Plugin loaded: \u001b[35mhexo-generator-index\u001b[39m","time":"2018-08-09T03:48:31.925Z","v":0}
{"name":"hexo","hostname":"lenchu-Lenovo-Y430P","pid":12036,"level":20,"msg":"Plugin loaded: \u001b[35mhexo-generator-tag\u001b[39m","time":"2018-08-09T03:48:31.926Z","v":0}
{"name":"hexo","hostname":"lenchu-Lenovo-Y430P","pid":12036,"level":20,"msg":"Plugin loaded: \u001b[35mhexo-renderer-ejs\u001b[39m","time":"2018-08-09T03:48:31.928Z","v":0}
{"name":"hexo","hostname":"lenchu-Lenovo-Y430P","pid":12036,"level":20,"msg":"Plugin loaded: \u001b[35mhexo-renderer-jade\u001b[39m","time":"2018-08-09T03:48:32.172Z","v":0}
{"name":"hexo","hostname":"lenchu-Lenovo-Y430P","pid":12036,"level":20,"msg":"Plugin loaded: \u001b[35mhexo-renderer-marked\u001b[39m","time":"2018-08-09T03:48:32.176Z","v":0}
{"name":"hexo","hostname":"lenchu-Lenovo-Y430P","pid":12036,"level":20,"msg":"Plugin loaded: \u001b[35mhexo-renderer-stylus\u001b[39m","time":"2018-08-09T03:48:32.202Z","v":0}
{"name":"hexo","hostname":"lenchu-Lenovo-Y430P","pid":12036,"level":20,"msg":"Plugin loaded: \u001b[35mhexo-server\u001b[39m","time":"2018-08-09T03:48:32.242Z","v":0}
{"name":"hexo","hostname":"lenchu-Lenovo-Y430P","pid":12036,"level":30,"msg":"Start processing","time":"2018-08-09T03:48:32.248Z","v":0}
{"name":"hexo","hostname":"lenchu-Lenovo-Y430P","pid":12036,"level":20,"msg":"Processed: \u001b[35msource/apple-touch-icon.png\u001b[39m","time":"2018-08-09T03:48:32.282Z","v":0}
{"name":"hexo","hostname":"lenchu-Lenovo-Y430P","pid":12036,"level":20,"msg":"Processed: \u001b[35msource/favicon.ico\u001b[39m","time":"2018-08-09T03:48:32.282Z","v":0}
{"name":"hexo","hostname":"lenchu-Lenovo-Y430P","pid":12036,"level":20,"msg":"Theme config loaded.","time":"2018-08-09T03:48:32.290Z","v":0}
{"name":"hexo","hostname":"lenchu-Lenovo-Y430P","pid":12036,"level":20,"msg":"Processed: \u001b[35m_config.yml\u001b[39m","time":"2018-08-09T03:48:32.291Z","v":0}
{"name":"hexo","hostname":"lenchu-Lenovo-Y430P","pid":12036,"level":20,"msg":"Processed: \u001b[35msource/css/highlight.styl\u001b[39m","time":"2018-08-09T03:48:32.297Z","v":0}
{"name":"hexo","hostname":"lenchu-Lenovo-Y430P","pid":12036,"level":20,"msg":"Processed: \u001b[35msource/css/style.styl\u001b[39m","time":"2018-08-09T03:48:32.297Z","v":0}
{"name":"hexo","hostname":"lenchu-Lenovo-Y430P","pid":12036,"level":20,"msg":"Processed: \u001b[35msource/iconfont/iconfont.eot\u001b[39m","time":"2018-08-09T03:48:32.297Z","v":0}
{"name":"hexo","hostname":"lenchu-Lenovo-Y430P","pid":12036,"level":20,"msg":"Processed: \u001b[35msource/iconfont/iconfont.svg\u001b[39m","time":"2018-08-09T03:48:32.298Z","v":0}
{"name":"hexo","hostname":"lenchu-Lenovo-Y430P","pid":12036,"level":20,"msg":"Processed: \u001b[35msource/iconfont/iconfont.ttf\u001b[39m","time":"2018-08-09T03:48:32.298Z","v":0}
{"name":"hexo","hostname":"lenchu-Lenovo-Y430P","pid":12036,"level":20,"msg":"Processed: \u001b[35msource/iconfont/iconfont.woff\u001b[39m","time":"2018-08-09T03:48:32.298Z","v":0}
{"name":"hexo","hostname":"lenchu-Lenovo-Y430P","pid":12036,"level":20,"msg":"Processed: \u001b[35msource/js/search.json.js\u001b[39m","time":"2018-08-09T03:48:32.299Z","v":0}
{"name":"hexo","hostname":"lenchu-Lenovo-Y430P","pid":12036,"level":20,"msg":"Processed: \u001b[35msource/js/toctotop.js\u001b[39m","time":"2018-08-09T03:48:32.299Z","v":0}
{"name":"hexo","hostname":"lenchu-Lenovo-Y430P","pid":12036,"level":20,"msg":"Processed: \u001b[35msource/js/totop.js\u001b[39m","time":"2018-08-09T03:48:32.299Z","v":0}
{"name":"hexo","hostname":"lenchu-Lenovo-Y430P","pid":12036,"level":20,"msg":"Processed: \u001b[35msource/img/bg.jpg\u001b[39m","time":"2018-08-09T03:48:32.301Z","v":0}
{"name":"hexo","hostname":"lenchu-Lenovo-Y430P","pid":12036,"level":20,"msg":"Processed: \u001b[35mlayout/archive.jade\u001b[39m","time":"2018-08-09T03:48:33.009Z","v":0}
{"name":"hexo","hostname":"lenchu-Lenovo-Y430P","pid":12036,"level":20,"msg":"Processed: \u001b[35mlayout/base.jade\u001b[39m","time":"2018-08-09T03:48:33.009Z","v":0}
{"name":"hexo","hostname":"lenchu-Lenovo-Y430P","pid":12036,"level":20,"msg":"Processed: \u001b[35mlayout/category.jade\u001b[39m","time":"2018-08-09T03:48:33.010Z","v":0}
{"name":"hexo","hostname":"lenchu-Lenovo-Y430P","pid":12036,"level":20,"msg":"Processed: \u001b[35mlayout/index.jade\u001b[39m","time":"2018-08-09T03:48:33.010Z","v":0}
{"name":"hexo","hostname":"lenchu-Lenovo-Y430P","pid":12036,"level":20,"msg":"Processed: \u001b[35mlayout/page.jade\u001b[39m","time":"2018-08-09T03:48:33.010Z","v":0}
{"name":"hexo","hostname":"lenchu-Lenovo-Y430P","pid":12036,"level":20,"msg":"Processed: \u001b[35mlayout/post.jade\u001b[39m","time":"2018-08-09T03:48:33.010Z","v":0}
{"name":"hexo","hostname":"lenchu-Lenovo-Y430P","pid":12036,"level":20,"msg":"Processed: \u001b[35mlayout/tag.jade\u001b[39m","time":"2018-08-09T03:48:33.010Z","v":0}
{"name":"hexo","hostname":"lenchu-Lenovo-Y430P","pid":12036,"level":20,"msg":"Processed: \u001b[35m_posts/hello-world.md\u001b[39m","time":"2018-08-09T03:48:33.017Z","v":0}
{"name":"hexo","hostname":"lenchu-Lenovo-Y430P","pid":12036,"level":20,"msg":"Processed: \u001b[35mlanguages/de-DE.yml\u001b[39m","time":"2018-08-09T03:48:33.018Z","v":0}
{"name":"hexo","hostname":"lenchu-Lenovo-Y430P","pid":12036,"level":20,"msg":"Processed: \u001b[35mlanguages/en.yml\u001b[39m","time":"2018-08-09T03:48:33.018Z","v":0}
{"name":"hexo","hostname":"lenchu-Lenovo-Y430P","pid":12036,"level":20,"msg":"Processed: \u001b[35mlanguages/es-ES.yml\u001b[39m","time":"2018-08-09T03:48:33.018Z","v":0}
{"name":"hexo","hostname":"lenchu-Lenovo-Y430P","pid":12036,"level":20,"msg":"Processed: \u001b[35mlanguages/ko.yml\u001b[39m","time":"2018-08-09T03:48:33.018Z","v":0}
{"name":"hexo","hostname":"lenchu-Lenovo-Y430P","pid":12036,"level":20,"msg":"Processed: \u001b[35mlanguages/fr-FR.yml\u001b[39m","time":"2018-08-09T03:48:33.018Z","v":0}
{"name":"hexo","hostname":"lenchu-Lenovo-Y430P","pid":12036,"level":20,"msg":"Processed: \u001b[35mlanguages/tr.yml\u001b[39m","time":"2018-08-09T03:48:33.018Z","v":0}
{"name":"hexo","hostname":"lenchu-Lenovo-Y430P","pid":12036,"level":20,"msg":"Processed: \u001b[35mlanguages/zh-CN.yml\u001b[39m","time":"2018-08-09T03:48:33.018Z","v":0}
{"name":"hexo","hostname":"lenchu-Lenovo-Y430P","pid":12036,"level":20,"msg":"Processed: \u001b[35mlanguages/zh-TW.yml\u001b[39m","time":"2018-08-09T03:48:33.018Z","v":0}
{"name":"hexo","hostname":"lenchu-Lenovo-Y430P","pid":12036,"level":20,"msg":"Processed: \u001b[35mlayout/_partial/after_footer.jade\u001b[39m","time":"2018-08-09T03:48:33.120Z","v":0}
{"name":"hexo","hostname":"lenchu-Lenovo-Y430P","pid":12036,"level":20,"msg":"Processed: \u001b[35mlayout/_partial/comment_count.jade\u001b[39m","time":"2018-08-09T03:48:33.120Z","v":0}
{"name":"hexo","hostname":"lenchu-Lenovo-Y430P","pid":12036,"level":20,"msg":"Processed: \u001b[35mlayout/_partial/comments.jade\u001b[39m","time":"2018-08-09T03:48:33.120Z","v":0}
{"name":"hexo","hostname":"lenchu-Lenovo-Y430P","pid":12036,"level":20,"msg":"Processed: \u001b[35mlayout/_partial/comments_js.jade\u001b[39m","time":"2018-08-09T03:48:33.120Z","v":0}
{"name":"hexo","hostname":"lenchu-Lenovo-Y430P","pid":12036,"level":20,"msg":"Processed: \u001b[35mlayout/_partial/footer.jade\u001b[39m","time":"2018-08-09T03:48:33.120Z","v":0}
{"name":"hexo","hostname":"lenchu-Lenovo-Y430P","pid":12036,"level":20,"msg":"Processed: \u001b[35mlayout/_partial/helpers.jade\u001b[39m","time":"2018-08-09T03:48:33.120Z","v":0}
{"name":"hexo","hostname":"lenchu-Lenovo-Y430P","pid":12036,"level":20,"msg":"Processed: \u001b[35mlayout/_partial/mathjax.jade\u001b[39m","time":"2018-08-09T03:48:33.121Z","v":0}
{"name":"hexo","hostname":"lenchu-Lenovo-Y430P","pid":12036,"level":20,"msg":"Processed: \u001b[35mlayout/_partial/mathjax2.jade\u001b[39m","time":"2018-08-09T03:48:33.121Z","v":0}
{"name":"hexo","hostname":"lenchu-Lenovo-Y430P","pid":12036,"level":20,"msg":"Processed: \u001b[35mlayout/_partial/post_nav.jade\u001b[39m","time":"2018-08-09T03:48:33.121Z","v":0}
{"name":"hexo","hostname":"lenchu-Lenovo-Y430P","pid":12036,"level":20,"msg":"Processed: \u001b[35mlayout/_partial/paginator.jade\u001b[39m","time":"2018-08-09T03:48:33.121Z","v":0}
{"name":"hexo","hostname":"lenchu-Lenovo-Y430P","pid":12036,"level":20,"msg":"Processed: \u001b[35mlayout/_partial/search.jade\u001b[39m","time":"2018-08-09T03:48:33.121Z","v":0}
{"name":"hexo","hostname":"lenchu-Lenovo-Y430P","pid":12036,"level":20,"msg":"Processed: \u001b[35mlayout/_partial/share.jade\u001b[39m","time":"2018-08-09T03:48:33.121Z","v":0}
{"name":"hexo","hostname":"lenchu-Lenovo-Y430P","pid":12036,"level":20,"msg":"Processed: \u001b[35mlayout/_partial/tag.jade\u001b[39m","time":"2018-08-09T03:48:33.121Z","v":0}
{"name":"hexo","hostname":"lenchu-Lenovo-Y430P","pid":12036,"level":20,"msg":"Processed: \u001b[35mlayout/_partial/totop.jade\u001b[39m","time":"2018-08-09T03:48:33.121Z","v":0}
{"name":"hexo","hostname":"lenchu-Lenovo-Y430P","pid":12036,"level":20,"msg":"Processed: \u001b[35mlayout/_widget/archive.jade\u001b[39m","time":"2018-08-09T03:48:33.121Z","v":0}
{"name":"hexo","hostname":"lenchu-Lenovo-Y430P","pid":12036,"level":20,"msg":"Processed: \u001b[35mlayout/_widget/category.jade\u001b[39m","time":"2018-08-09T03:48:33.121Z","v":0}
{"name":"hexo","hostname":"lenchu-Lenovo-Y430P","pid":12036,"level":20,"msg":"Processed: \u001b[35mlayout/_widget/links.jade\u001b[39m","time":"2018-08-09T03:48:33.121Z","v":0}
{"name":"hexo","hostname":"lenchu-Lenovo-Y430P","pid":12036,"level":20,"msg":"Processed: \u001b[35mlayout/_widget/recent_comments.jade\u001b[39m","time":"2018-08-09T03:48:33.121Z","v":0}
{"name":"hexo","hostname":"lenchu-Lenovo-Y430P","pid":12036,"level":20,"msg":"Processed: \u001b[35mlayout/_widget/recent_posts.jade\u001b[39m","time":"2018-08-09T03:48:33.121Z","v":0}
{"name":"hexo","hostname":"lenchu-Lenovo-Y430P","pid":12036,"level":20,"msg":"Processed: \u001b[35mlayout/_widget/tag.jade\u001b[39m","time":"2018-08-09T03:48:33.121Z","v":0}
{"name":"hexo","hostname":"lenchu-Lenovo-Y430P","pid":12036,"level":20,"msg":"Processed: \u001b[35mlayout/_widget/weibo.jade\u001b[39m","time":"2018-08-09T03:48:33.121Z","v":0}
{"name":"hexo","hostname":"lenchu-Lenovo-Y430P","pid":12036,"level":20,"msg":"Generator: \u001b[35mpage\u001b[39m","time":"2018-08-09T03:48:33.242Z","v":0}
{"name":"hexo","hostname":"lenchu-Lenovo-Y430P","pid":12036,"level":20,"msg":"Generator: \u001b[35mpost\u001b[39m","time":"2018-08-09T03:48:33.242Z","v":0}
{"name":"hexo","hostname":"lenchu-Lenovo-Y430P","pid":12036,"level":20,"msg":"Generator: \u001b[35marchive\u001b[39m","time":"2018-08-09T03:48:33.242Z","v":0}
{"name":"hexo","hostname":"lenchu-Lenovo-Y430P","pid":12036,"level":20,"msg":"Generator: \u001b[35mcategory\u001b[39m","time":"2018-08-09T03:48:33.242Z","v":0}
{"name":"hexo","hostname":"lenchu-Lenovo-Y430P","pid":12036,"level":20,"msg":"Generator: \u001b[35mindex\u001b[39m","time":"2018-08-09T03:48:33.242Z","v":0}
{"name":"hexo","hostname":"lenchu-Lenovo-Y430P","pid":12036,"level":20,"msg":"Generator: \u001b[35mtag\u001b[39m","time":"2018-08-09T03:48:33.242Z","v":0}
{"name":"hexo","hostname":"lenchu-Lenovo-Y430P","pid":12036,"level":20,"msg":"Generator: \u001b[35masset\u001b[39m","time":"2018-08-09T03:48:33.243Z","v":0}
{"name":"hexo","hostname":"lenchu-Lenovo-Y430P","pid":12036,"level":30,"msg":"Hexo is running at \u001b[4mhttp://localhost:4000/\u001b[24m. Press Ctrl+C to stop.","time":"2018-08-09T03:48:33.246Z","v":0}
{"name":"hexo","hostname":"lenchu-Lenovo-Y430P","pid":12036,"level":20,"msg":"Database saved","time":"2018-08-09T03:48:33.249Z","v":0}
{"name":"hexo","hostname":"lenchu-Lenovo-Y430P","pid":12036,"level":20,"msg":"Rendering index: \u001b[35mindex.html\u001b[39m","time":"2018-08-09T03:48:35.982Z","v":0}
{"name":"hexo","hostname":"lenchu-Lenovo-Y430P","pid":12036,"level":20,"msg":"Rendering archive: \u001b[35marchives/2018/08/index.html\u001b[39m","time":"2018-08-09T03:48:52.815Z","v":0}
{"name":"hexo","hostname":"lenchu-Lenovo-Y430P","pid":12036,"level":20,"msg":"Rendering archive: \u001b[35marchives/index.html\u001b[39m","time":"2018-08-09T03:49:06.866Z","v":0}
{"name":"hexo","hostname":"lenchu-Lenovo-Y430P","pid":12036,"level":20,"msg":"Rendering index: \u001b[35mindex.html\u001b[39m","time":"2018-08-09T03:49:11.855Z","v":0}
{"name":"hexo","hostname":"lenchu-Lenovo-Y430P","pid":12036,"level":30,"msg":"Farewell","time":"2018-08-09T03:49:51.112Z","v":0}
{"name":"hexo","hostname":"lenchu-Lenovo-Y430P","pid":12036,"level":20,"msg":"Database saved","time":"2018-08-09T03:49:51.120Z","v":0}
{"name":"hexo","hostname":"lenchu-Lenovo-Y430P","pid":12259,"level":20,"msg":"Hexo version: \u001b[35m3.7.1\u001b[39m","time":"2018-08-09T03:51:22.929Z","v":0}
{"name":"hexo","hostname":"lenchu-Lenovo-Y430P","pid":12259,"level":20,"msg":"Working directory: \u001b[35m~/Projects/nodeProjects/blog/\u001b[39m","time":"2018-08-09T03:51:22.931Z","v":0}
{"name":"hexo","hostname":"lenchu-Lenovo-Y430P","pid":12259,"level":20,"msg":"Config loaded: \u001b[35m~/Projects/nodeProjects/blog/_config.yml\u001b[39m","time":"2018-08-09T03:51:22.988Z","v":0}
{"name":"hexo","hostname":"lenchu-Lenovo-Y430P","pid":12259,"level":20,"msg":"Plugin loaded: \u001b[35mhexo-generator-category\u001b[39m","time":"2018-08-09T03:51:22.998Z","v":0}
{"name":"hexo","hostname":"lenchu-Lenovo-Y430P","pid":12259,"level":20,"msg":"Plugin loaded: \u001b[35mhexo-generator-archive\u001b[39m","time":"2018-08-09T03:51:22.999Z","v":0}
{"name":"hexo","hostname":"lenchu-Lenovo-Y430P","pid":12259,"level":20,"msg":"Plugin loaded: \u001b[35mhexo-generator-index\u001b[39m","time":"2018-08-09T03:51:23.000Z","v":0}
{"name":"hexo","hostname":"lenchu-Lenovo-Y430P","pid":12259,"level":20,"msg":"Plugin loaded: \u001b[35mhexo-generator-tag\u001b[39m","time":"2018-08-09T03:51:23.001Z","v":0}
{"name":"hexo","hostname":"lenchu-Lenovo-Y430P","pid":12259,"level":20,"msg":"Plugin loaded: \u001b[35mhexo-renderer-ejs\u001b[39m","time":"2018-08-09T03:51:23.003Z","v":0}
{"name":"hexo","hostname":"lenchu-Lenovo-Y430P","pid":12259,"level":20,"msg":"Plugin loaded: \u001b[35mhexo-renderer-jade\u001b[39m","time":"2018-08-09T03:51:23.246Z","v":0}
{"name":"hexo","hostname":"lenchu-Lenovo-Y430P","pid":12259,"level":20,"msg":"Plugin loaded: \u001b[35mhexo-renderer-marked\u001b[39m","time":"2018-08-09T03:51:23.250Z","v":0}
{"name":"hexo","hostname":"lenchu-Lenovo-Y430P","pid":12259,"level":20,"msg":"Plugin loaded: \u001b[35mhexo-renderer-stylus\u001b[39m","time":"2018-08-09T03:51:23.250Z","v":0}
{"name":"hexo","hostname":"lenchu-Lenovo-Y430P","pid":12259,"level":20,"msg":"Plugin loaded: \u001b[35mhexo-server\u001b[39m","time":"2018-08-09T03:51:23.314Z","v":0}
{"name":"hexo","hostname":"lenchu-Lenovo-Y430P","pid":12259,"level":20,"msg":"Loading database.","time":"2018-08-09T03:51:23.320Z","v":0}
{"name":"hexo","hostname":"lenchu-Lenovo-Y430P","pid":12259,"level":30,"msg":"Start processing","time":"2018-08-09T03:51:23.334Z","v":0}
{"name":"hexo","hostname":"lenchu-Lenovo-Y430P","pid":12259,"level":20,"msg":"Processed: \u001b[35m_posts/hello-world.md\u001b[39m","time":"2018-08-09T03:51:23.361Z","v":0}
{"name":"hexo","hostname":"lenchu-Lenovo-Y430P","pid":12259,"level":20,"msg":"Processed: \u001b[35msource/apple-touch-icon.png\u001b[39m","time":"2018-08-09T03:51:23.376Z","v":0}
{"name":"hexo","hostname":"lenchu-Lenovo-Y430P","pid":12259,"level":20,"msg":"Processed: \u001b[35msource/favicon.ico\u001b[39m","time":"2018-08-09T03:51:23.377Z","v":0}
{"name":"hexo","hostname":"lenchu-Lenovo-Y430P","pid":12259,"level":20,"msg":"Theme config loaded.","time":"2018-08-09T03:51:23.383Z","v":0}
{"name":"hexo","hostname":"lenchu-Lenovo-Y430P","pid":12259,"level":20,"msg":"Processed: \u001b[35m_config.yml\u001b[39m","time":"2018-08-09T03:51:23.384Z","v":0}
{"name":"hexo","hostname":"lenchu-Lenovo-Y430P","pid":12259,"level":20,"msg":"Processed: \u001b[35msource/css/highlight.styl\u001b[39m","time":"2018-08-09T03:51:23.387Z","v":0}
{"name":"hexo","hostname":"lenchu-Lenovo-Y430P","pid":12259,"level":20,"msg":"Processed: \u001b[35msource/css/style.styl\u001b[39m","time":"2018-08-09T03:51:23.387Z","v":0}
{"name":"hexo","hostname":"lenchu-Lenovo-Y430P","pid":12259,"level":20,"msg":"Processed: \u001b[35msource/iconfont/iconfont.eot\u001b[39m","time":"2018-08-09T03:51:23.388Z","v":0}
{"name":"hexo","hostname":"lenchu-Lenovo-Y430P","pid":12259,"level":20,"msg":"Processed: \u001b[35msource/iconfont/iconfont.svg\u001b[39m","time":"2018-08-09T03:51:23.388Z","v":0}
{"name":"hexo","hostname":"lenchu-Lenovo-Y430P","pid":12259,"level":20,"msg":"Processed: \u001b[35msource/iconfont/iconfont.ttf\u001b[39m","time":"2018-08-09T03:51:23.388Z","v":0}
{"name":"hexo","hostname":"lenchu-Lenovo-Y430P","pid":12259,"level":20,"msg":"Processed: \u001b[35msource/iconfont/iconfont.woff\u001b[39m","time":"2018-08-09T03:51:23.388Z","v":0}
{"name":"hexo","hostname":"lenchu-Lenovo-Y430P","pid":12259,"level":20,"msg":"Processed: \u001b[35msource/js/search.json.js\u001b[39m","time":"2018-08-09T03:51:23.388Z","v":0}
{"name":"hexo","hostname":"lenchu-Lenovo-Y430P","pid":12259,"level":20,"msg":"Processed: \u001b[35msource/js/toctotop.js\u001b[39m","time":"2018-08-09T03:51:23.389Z","v":0}
{"name":"hexo","hostname":"lenchu-Lenovo-Y430P","pid":12259,"level":20,"msg":"Processed: \u001b[35msource/js/totop.js\u001b[39m","time":"2018-08-09T03:51:23.389Z","v":0}
{"name":"hexo","hostname":"lenchu-Lenovo-Y430P","pid":12259,"level":20,"msg":"Processed: \u001b[35mlayout/archive.jade\u001b[39m","time":"2018-08-09T03:51:24.122Z","v":0}
{"name":"hexo","hostname":"lenchu-Lenovo-Y430P","pid":12259,"level":20,"msg":"Processed: \u001b[35mlayout/base.jade\u001b[39m","time":"2018-08-09T03:51:24.122Z","v":0}
{"name":"hexo","hostname":"lenchu-Lenovo-Y430P","pid":12259,"level":20,"msg":"Processed: \u001b[35mlayout/category.jade\u001b[39m","time":"2018-08-09T03:51:24.122Z","v":0}
{"name":"hexo","hostname":"lenchu-Lenovo-Y430P","pid":12259,"level":20,"msg":"Processed: \u001b[35mlayout/index.jade\u001b[39m","time":"2018-08-09T03:51:24.122Z","v":0}
{"name":"hexo","hostname":"lenchu-Lenovo-Y430P","pid":12259,"level":20,"msg":"Processed: \u001b[35mlayout/page.jade\u001b[39m","time":"2018-08-09T03:51:24.123Z","v":0}
{"name":"hexo","hostname":"lenchu-Lenovo-Y430P","pid":12259,"level":20,"msg":"Processed: \u001b[35mlayout/post.jade\u001b[39m","time":"2018-08-09T03:51:24.123Z","v":0}
{"name":"hexo","hostname":"lenchu-Lenovo-Y430P","pid":12259,"level":20,"msg":"Processed: \u001b[35mlayout/tag.jade\u001b[39m","time":"2018-08-09T03:51:24.123Z","v":0}
{"name":"hexo","hostname":"lenchu-Lenovo-Y430P","pid":12259,"level":20,"msg":"Processed: \u001b[35mlanguages/de-DE.yml\u001b[39m","time":"2018-08-09T03:51:24.125Z","v":0}
{"name":"hexo","hostname":"lenchu-Lenovo-Y430P","pid":12259,"level":20,"msg":"Processed: \u001b[35mlanguages/en.yml\u001b[39m","time":"2018-08-09T03:51:24.125Z","v":0}
{"name":"hexo","hostname":"lenchu-Lenovo-Y430P","pid":12259,"level":20,"msg":"Processed: \u001b[35mlanguages/es-ES.yml\u001b[39m","time":"2018-08-09T03:51:24.125Z","v":0}
{"name":"hexo","hostname":"lenchu-Lenovo-Y430P","pid":12259,"level":20,"msg":"Processed: \u001b[35mlanguages/fr-FR.yml\u001b[39m","time":"2018-08-09T03:51:24.125Z","v":0}
{"name":"hexo","hostname":"lenchu-Lenovo-Y430P","pid":12259,"level":20,"msg":"Processed: \u001b[35mlanguages/ko.yml\u001b[39m","time":"2018-08-09T03:51:24.125Z","v":0}
{"name":"hexo","hostname":"lenchu-Lenovo-Y430P","pid":12259,"level":20,"msg":"Processed: \u001b[35mlanguages/tr.yml\u001b[39m","time":"2018-08-09T03:51:24.126Z","v":0}
{"name":"hexo","hostname":"lenchu-Lenovo-Y430P","pid":12259,"level":20,"msg":"Processed: \u001b[35mlanguages/zh-CN.yml\u001b[39m","time":"2018-08-09T03:51:24.126Z","v":0}
{"name":"hexo","hostname":"lenchu-Lenovo-Y430P","pid":12259,"level":20,"msg":"Processed: \u001b[35mlanguages/zh-TW.yml\u001b[39m","time":"2018-08-09T03:51:24.126Z","v":0}
{"name":"hexo","hostname":"lenchu-Lenovo-Y430P","pid":12259,"level":20,"msg":"Processed: \u001b[35msource/img/bg.jpg\u001b[39m","time":"2018-08-09T03:51:24.126Z","v":0}
{"name":"hexo","hostname":"lenchu-Lenovo-Y430P","pid":12259,"level":20,"msg":"Processed: \u001b[35mlayout/_partial/after_footer.jade\u001b[39m","time":"2018-08-09T03:51:24.250Z","v":0}
{"name":"hexo","hostname":"lenchu-Lenovo-Y430P","pid":12259,"level":20,"msg":"Processed: \u001b[35mlayout/_partial/comment_count.jade\u001b[39m","time":"2018-08-09T03:51:24.250Z","v":0}
{"name":"hexo","hostname":"lenchu-Lenovo-Y430P","pid":12259,"level":20,"msg":"Processed: \u001b[35mlayout/_partial/comments.jade\u001b[39m","time":"2018-08-09T03:51:24.250Z","v":0}
{"name":"hexo","hostname":"lenchu-Lenovo-Y430P","pid":12259,"level":20,"msg":"Processed: \u001b[35mlayout/_partial/comments_js.jade\u001b[39m","time":"2018-08-09T03:51:24.250Z","v":0}
{"name":"hexo","hostname":"lenchu-Lenovo-Y430P","pid":12259,"level":20,"msg":"Processed: \u001b[35mlayout/_partial/footer.jade\u001b[39m","time":"2018-08-09T03:51:24.250Z","v":0}
{"name":"hexo","hostname":"lenchu-Lenovo-Y430P","pid":12259,"level":20,"msg":"Processed: \u001b[35mlayout/_partial/helpers.jade\u001b[39m","time":"2018-08-09T03:51:24.250Z","v":0}
{"name":"hexo","hostname":"lenchu-Lenovo-Y430P","pid":12259,"level":20,"msg":"Processed: \u001b[35mlayout/_partial/mathjax.jade\u001b[39m","time":"2018-08-09T03:51:24.250Z","v":0}
{"name":"hexo","hostname":"lenchu-Lenovo-Y430P","pid":12259,"level":20,"msg":"Processed: \u001b[35mlayout/_partial/mathjax2.jade\u001b[39m","time":"2018-08-09T03:51:24.251Z","v":0}
{"name":"hexo","hostname":"lenchu-Lenovo-Y430P","pid":12259,"level":20,"msg":"Processed: \u001b[35mlayout/_partial/paginator.jade\u001b[39m","time":"2018-08-09T03:51:24.251Z","v":0}
{"name":"hexo","hostname":"lenchu-Lenovo-Y430P","pid":12259,"level":20,"msg":"Processed: \u001b[35mlayout/_partial/post_nav.jade\u001b[39m","time":"2018-08-09T03:51:24.251Z","v":0}
{"name":"hexo","hostname":"lenchu-Lenovo-Y430P","pid":12259,"level":20,"msg":"Processed: \u001b[35mlayout/_partial/search.jade\u001b[39m","time":"2018-08-09T03:51:24.251Z","v":0}
{"name":"hexo","hostname":"lenchu-Lenovo-Y430P","pid":12259,"level":20,"msg":"Processed: \u001b[35mlayout/_partial/share.jade\u001b[39m","time":"2018-08-09T03:51:24.251Z","v":0}
{"name":"hexo","hostname":"lenchu-Lenovo-Y430P","pid":12259,"level":20,"msg":"Processed: \u001b[35mlayout/_partial/tag.jade\u001b[39m","time":"2018-08-09T03:51:24.251Z","v":0}
{"name":"hexo","hostname":"lenchu-Lenovo-Y430P","pid":12259,"level":20,"msg":"Processed: \u001b[35mlayout/_partial/totop.jade\u001b[39m","time":"2018-08-09T03:51:24.251Z","v":0}
{"name":"hexo","hostname":"lenchu-Lenovo-Y430P","pid":12259,"level":20,"msg":"Processed: \u001b[35mlayout/_widget/archive.jade\u001b[39m","time":"2018-08-09T03:51:24.251Z","v":0}
{"name":"hexo","hostname":"lenchu-Lenovo-Y430P","pid":12259,"level":20,"msg":"Processed: \u001b[35mlayout/_widget/category.jade\u001b[39m","time":"2018-08-09T03:51:24.251Z","v":0}
{"name":"hexo","hostname":"lenchu-Lenovo-Y430P","pid":12259,"level":20,"msg":"Processed: \u001b[35mlayout/_widget/links.jade\u001b[39m","time":"2018-08-09T03:51:24.251Z","v":0}
{"name":"hexo","hostname":"lenchu-Lenovo-Y430P","pid":12259,"level":20,"msg":"Processed: \u001b[35mlayout/_widget/recent_comments.jade\u001b[39m","time":"2018-08-09T03:51:24.251Z","v":0}
{"name":"hexo","hostname":"lenchu-Lenovo-Y430P","pid":12259,"level":20,"msg":"Processed: \u001b[35mlayout/_widget/recent_posts.jade\u001b[39m","time":"2018-08-09T03:51:24.251Z","v":0}
{"name":"hexo","hostname":"lenchu-Lenovo-Y430P","pid":12259,"level":20,"msg":"Processed: \u001b[35mlayout/_widget/tag.jade\u001b[39m","time":"2018-08-09T03:51:24.251Z","v":0}
{"name":"hexo","hostname":"lenchu-Lenovo-Y430P","pid":12259,"level":20,"msg":"Processed: \u001b[35mlayout/_widget/weibo.jade\u001b[39m","time":"2018-08-09T03:51:24.251Z","v":0}
{"name":"hexo","hostname":"lenchu-Lenovo-Y430P","pid":12259,"level":20,"msg":"Generator: \u001b[35mpage\u001b[39m","time":"2018-08-09T03:51:24.300Z","v":0}
{"name":"hexo","hostname":"lenchu-Lenovo-Y430P","pid":12259,"level":20,"msg":"Generator: \u001b[35mpost\u001b[39m","time":"2018-08-09T03:51:24.300Z","v":0}
{"name":"hexo","hostname":"lenchu-Lenovo-Y430P","pid":12259,"level":20,"msg":"Generator: \u001b[35mcategory\u001b[39m","time":"2018-08-09T03:51:24.301Z","v":0}
{"name":"hexo","hostname":"lenchu-Lenovo-Y430P","pid":12259,"level":20,"msg":"Generator: \u001b[35marchive\u001b[39m","time":"2018-08-09T03:51:24.301Z","v":0}
{"name":"hexo","hostname":"lenchu-Lenovo-Y430P","pid":12259,"level":20,"msg":"Generator: \u001b[35mindex\u001b[39m","time":"2018-08-09T03:51:24.301Z","v":0}
{"name":"hexo","hostname":"lenchu-Lenovo-Y430P","pid":12259,"level":20,"msg":"Generator: \u001b[35mtag\u001b[39m","time":"2018-08-09T03:51:24.301Z","v":0}
{"name":"hexo","hostname":"lenchu-Lenovo-Y430P","pid":12259,"level":20,"msg":"Generator: \u001b[35masset\u001b[39m","time":"2018-08-09T03:51:24.301Z","v":0}
{"name":"hexo","hostname":"lenchu-Lenovo-Y430P","pid":12259,"level":30,"msg":"Hexo is running at \u001b[4mhttp://localhost:4000/\u001b[24m. Press Ctrl+C to stop.","time":"2018-08-09T03:51:24.306Z","v":0}
{"name":"hexo","hostname":"lenchu-Lenovo-Y430P","pid":12259,"level":20,"msg":"Database saved","time":"2018-08-09T03:51:24.309Z","v":0}
{"name":"hexo","hostname":"lenchu-Lenovo-Y430P","pid":12259,"level":20,"msg":"Rendering index: \u001b[35mindex.html\u001b[39m","time":"2018-08-09T03:51:26.273Z","v":0}
{"name":"hexo","hostname":"lenchu-Lenovo-Y430P","pid":12259,"level":30,"msg":"Farewell","time":"2018-08-09T03:52:06.865Z","v":0}
{"name":"hexo","hostname":"lenchu-Lenovo-Y430P","pid":12259,"level":20,"msg":"Database saved","time":"2018-08-09T03:52:06.872Z","v":0}
{"name":"hexo","hostname":"lenchu-Lenovo-Y430P","pid":12512,"level":20,"msg":"Hexo version: \u001b[35m3.7.1\u001b[39m","time":"2018-08-09T03:58:55.303Z","v":0}
{"name":"hexo","hostname":"lenchu-Lenovo-Y430P","pid":12512,"level":20,"msg":"Working directory: \u001b[35m~/Projects/nodeProjects/blog/\u001b[39m","time":"2018-08-09T03:58:55.305Z","v":0}
{"name":"hexo","hostname":"lenchu-Lenovo-Y430P","pid":12512,"level":20,"msg":"Config loaded: \u001b[35m~/Projects/nodeProjects/blog/_config.yml\u001b[39m","time":"2018-08-09T03:58:55.364Z","v":0}
{"name":"hexo","hostname":"lenchu-Lenovo-Y430P","pid":12512,"level":20,"msg":"Plugin loaded: \u001b[35mhexo-generator-archive\u001b[39m","time":"2018-08-09T03:58:55.374Z","v":0}
{"name":"hexo","hostname":"lenchu-Lenovo-Y430P","pid":12512,"level":20,"msg":"Plugin loaded: \u001b[35mhexo-generator-category\u001b[39m","time":"2018-08-09T03:58:55.375Z","v":0}
{"name":"hexo","hostname":"lenchu-Lenovo-Y430P","pid":12512,"level":20,"msg":"Plugin loaded: \u001b[35mhexo-generator-index\u001b[39m","time":"2018-08-09T03:58:55.376Z","v":0}
{"name":"hexo","hostname":"lenchu-Lenovo-Y430P","pid":12512,"level":20,"msg":"Plugin loaded: \u001b[35mhexo-generator-tag\u001b[39m","time":"2018-08-09T03:58:55.376Z","v":0}
{"name":"hexo","hostname":"lenchu-Lenovo-Y430P","pid":12512,"level":20,"msg":"Plugin loaded: \u001b[35mhexo-renderer-ejs\u001b[39m","time":"2018-08-09T03:58:55.378Z","v":0}
{"name":"hexo","hostname":"lenchu-Lenovo-Y430P","pid":12512,"level":20,"msg":"Plugin loaded: \u001b[35mhexo-renderer-jade\u001b[39m","time":"2018-08-09T03:58:55.615Z","v":0}
{"name":"hexo","hostname":"lenchu-Lenovo-Y430P","pid":12512,"level":20,"msg":"Plugin loaded: \u001b[35mhexo-renderer-marked\u001b[39m","time":"2018-08-09T03:58:55.619Z","v":0}
{"name":"hexo","hostname":"lenchu-Lenovo-Y430P","pid":12512,"level":20,"msg":"Plugin loaded: \u001b[35mhexo-renderer-stylus\u001b[39m","time":"2018-08-09T03:58:55.619Z","v":0}
{"name":"hexo","hostname":"lenchu-Lenovo-Y430P","pid":12512,"level":20,"msg":"Plugin loaded: \u001b[35mhexo-server\u001b[39m","time":"2018-08-09T03:58:55.660Z","v":0}
{"name":"hexo","hostname":"lenchu-Lenovo-Y430P","pid":12512,"level":20,"msg":"Loading database.","time":"2018-08-09T03:58:55.666Z","v":0}
{"name":"hexo","hostname":"lenchu-Lenovo-Y430P","pid":12512,"level":30,"msg":"Start processing","time":"2018-08-09T03:58:55.671Z","v":0}
{"name":"hexo","hostname":"lenchu-Lenovo-Y430P","pid":12512,"level":20,"msg":"Processed: \u001b[35msource/apple-touch-icon.png\u001b[39m","time":"2018-08-09T03:58:55.732Z","v":0}
{"name":"hexo","hostname":"lenchu-Lenovo-Y430P","pid":12512,"level":20,"msg":"Processed: \u001b[35msource/favicon.ico\u001b[39m","time":"2018-08-09T03:58:55.732Z","v":0}
{"name":"hexo","hostname":"lenchu-Lenovo-Y430P","pid":12512,"level":20,"msg":"Theme config loaded.","time":"2018-08-09T03:58:55.738Z","v":0}
{"name":"hexo","hostname":"lenchu-Lenovo-Y430P","pid":12512,"level":20,"msg":"Processed: \u001b[35m_config.yml\u001b[39m","time":"2018-08-09T03:58:55.738Z","v":0}
{"name":"hexo","hostname":"lenchu-Lenovo-Y430P","pid":12512,"level":20,"msg":"Processed: \u001b[35msource/css/highlight.styl\u001b[39m","time":"2018-08-09T03:58:55.746Z","v":0}
{"name":"hexo","hostname":"lenchu-Lenovo-Y430P","pid":12512,"level":20,"msg":"Processed: \u001b[35msource/css/style.styl\u001b[39m","time":"2018-08-09T03:58:55.746Z","v":0}
{"name":"hexo","hostname":"lenchu-Lenovo-Y430P","pid":12512,"level":20,"msg":"Processed: \u001b[35msource/iconfont/iconfont.eot\u001b[39m","time":"2018-08-09T03:58:55.747Z","v":0}
{"name":"hexo","hostname":"lenchu-Lenovo-Y430P","pid":12512,"level":20,"msg":"Processed: \u001b[35msource/iconfont/iconfont.svg\u001b[39m","time":"2018-08-09T03:58:55.747Z","v":0}
{"name":"hexo","hostname":"lenchu-Lenovo-Y430P","pid":12512,"level":20,"msg":"Processed: \u001b[35msource/iconfont/iconfont.ttf\u001b[39m","time":"2018-08-09T03:58:55.747Z","v":0}
{"name":"hexo","hostname":"lenchu-Lenovo-Y430P","pid":12512,"level":20,"msg":"Processed: \u001b[35msource/iconfont/iconfont.woff\u001b[39m","time":"2018-08-09T03:58:55.748Z","v":0}
{"name":"hexo","hostname":"lenchu-Lenovo-Y430P","pid":12512,"level":20,"msg":"Processed: \u001b[35msource/js/search.json.js\u001b[39m","time":"2018-08-09T03:58:55.748Z","v":0}
{"name":"hexo","hostname":"lenchu-Lenovo-Y430P","pid":12512,"level":20,"msg":"Processed: \u001b[35msource/js/toctotop.js\u001b[39m","time":"2018-08-09T03:58:55.748Z","v":0}
{"name":"hexo","hostname":"lenchu-Lenovo-Y430P","pid":12512,"level":20,"msg":"Processed: \u001b[35msource/js/totop.js\u001b[39m","time":"2018-08-09T03:58:55.748Z","v":0}
{"name":"hexo","hostname":"lenchu-Lenovo-Y430P","pid":12512,"level":20,"msg":"Processed: \u001b[35mlayout/archive.jade\u001b[39m","time":"2018-08-09T03:58:56.436Z","v":0}
{"name":"hexo","hostname":"lenchu-Lenovo-Y430P","pid":12512,"level":20,"msg":"Processed: \u001b[35mlayout/base.jade\u001b[39m","time":"2018-08-09T03:58:56.437Z","v":0}
{"name":"hexo","hostname":"lenchu-Lenovo-Y430P","pid":12512,"level":20,"msg":"Processed: \u001b[35mlayout/category.jade\u001b[39m","time":"2018-08-09T03:58:56.437Z","v":0}
{"name":"hexo","hostname":"lenchu-Lenovo-Y430P","pid":12512,"level":20,"msg":"Processed: \u001b[35mlayout/index.jade\u001b[39m","time":"2018-08-09T03:58:56.437Z","v":0}
{"name":"hexo","hostname":"lenchu-Lenovo-Y430P","pid":12512,"level":20,"msg":"Processed: \u001b[35mlayout/post.jade\u001b[39m","time":"2018-08-09T03:58:56.437Z","v":0}
{"name":"hexo","hostname":"lenchu-Lenovo-Y430P","pid":12512,"level":20,"msg":"Processed: \u001b[35mlayout/page.jade\u001b[39m","time":"2018-08-09T03:58:56.437Z","v":0}
{"name":"hexo","hostname":"lenchu-Lenovo-Y430P","pid":12512,"level":20,"msg":"Processed: \u001b[35mlayout/tag.jade\u001b[39m","time":"2018-08-09T03:58:56.437Z","v":0}
{"name":"hexo","hostname":"lenchu-Lenovo-Y430P","pid":12512,"level":20,"msg":"Processed: \u001b[35m_posts/hello-world.md\u001b[39m","time":"2018-08-09T03:58:56.445Z","v":0}
{"name":"hexo","hostname":"lenchu-Lenovo-Y430P","pid":12512,"level":20,"msg":"Processed: \u001b[35mabout/index.md\u001b[39m","time":"2018-08-09T03:58:56.445Z","v":0}
{"name":"hexo","hostname":"lenchu-Lenovo-Y430P","pid":12512,"level":20,"msg":"Processed: \u001b[35mlanguages/de-DE.yml\u001b[39m","time":"2018-08-09T03:58:56.446Z","v":0}
{"name":"hexo","hostname":"lenchu-Lenovo-Y430P","pid":12512,"level":20,"msg":"Processed: \u001b[35mlanguages/en.yml\u001b[39m","time":"2018-08-09T03:58:56.446Z","v":0}
{"name":"hexo","hostname":"lenchu-Lenovo-Y430P","pid":12512,"level":20,"msg":"Processed: \u001b[35mlanguages/es-ES.yml\u001b[39m","time":"2018-08-09T03:58:56.446Z","v":0}
{"name":"hexo","hostname":"lenchu-Lenovo-Y430P","pid":12512,"level":20,"msg":"Processed: \u001b[35mlanguages/fr-FR.yml\u001b[39m","time":"2018-08-09T03:58:56.446Z","v":0}
{"name":"hexo","hostname":"lenchu-Lenovo-Y430P","pid":12512,"level":20,"msg":"Processed: \u001b[35mlanguages/ko.yml\u001b[39m","time":"2018-08-09T03:58:56.446Z","v":0}
{"name":"hexo","hostname":"lenchu-Lenovo-Y430P","pid":12512,"level":20,"msg":"Processed: \u001b[35mlanguages/tr.yml\u001b[39m","time":"2018-08-09T03:58:56.446Z","v":0}
{"name":"hexo","hostname":"lenchu-Lenovo-Y430P","pid":12512,"level":20,"msg":"Processed: \u001b[35mlanguages/zh-CN.yml\u001b[39m","time":"2018-08-09T03:58:56.446Z","v":0}
{"name":"hexo","hostname":"lenchu-Lenovo-Y430P","pid":12512,"level":20,"msg":"Processed: \u001b[35mlanguages/zh-TW.yml\u001b[39m","time":"2018-08-09T03:58:56.446Z","v":0}
{"name":"hexo","hostname":"lenchu-Lenovo-Y430P","pid":12512,"level":20,"msg":"Processed: \u001b[35msource/img/bg.jpg\u001b[39m","time":"2018-08-09T03:58:56.447Z","v":0}
{"name":"hexo","hostname":"lenchu-Lenovo-Y430P","pid":12512,"level":20,"msg":"Processed: \u001b[35mlayout/_partial/after_footer.jade\u001b[39m","time":"2018-08-09T03:58:56.548Z","v":0}
{"name":"hexo","hostname":"lenchu-Lenovo-Y430P","pid":12512,"level":20,"msg":"Processed: \u001b[35mlayout/_partial/comment_count.jade\u001b[39m","time":"2018-08-09T03:58:56.548Z","v":0}
{"name":"hexo","hostname":"lenchu-Lenovo-Y430P","pid":12512,"level":20,"msg":"Processed: \u001b[35mlayout/_partial/comments.jade\u001b[39m","time":"2018-08-09T03:58:56.548Z","v":0}
{"name":"hexo","hostname":"lenchu-Lenovo-Y430P","pid":12512,"level":20,"msg":"Processed: \u001b[35mlayout/_partial/comments_js.jade\u001b[39m","time":"2018-08-09T03:58:56.548Z","v":0}
{"name":"hexo","hostname":"lenchu-Lenovo-Y430P","pid":12512,"level":20,"msg":"Processed: \u001b[35mlayout/_partial/footer.jade\u001b[39m","time":"2018-08-09T03:58:56.548Z","v":0}
{"name":"hexo","hostname":"lenchu-Lenovo-Y430P","pid":12512,"level":20,"msg":"Processed: \u001b[35mlayout/_partial/helpers.jade\u001b[39m","time":"2018-08-09T03:58:56.548Z","v":0}
{"name":"hexo","hostname":"lenchu-Lenovo-Y430P","pid":12512,"level":20,"msg":"Processed: \u001b[35mlayout/_partial/mathjax.jade\u001b[39m","time":"2018-08-09T03:58:56.548Z","v":0}
{"name":"hexo","hostname":"lenchu-Lenovo-Y430P","pid":12512,"level":20,"msg":"Processed: \u001b[35mlayout/_partial/mathjax2.jade\u001b[39m","time":"2018-08-09T03:58:56.548Z","v":0}
{"name":"hexo","hostname":"lenchu-Lenovo-Y430P","pid":12512,"level":20,"msg":"Processed: \u001b[35mlayout/_partial/paginator.jade\u001b[39m","time":"2018-08-09T03:58:56.548Z","v":0}
{"name":"hexo","hostname":"lenchu-Lenovo-Y430P","pid":12512,"level":20,"msg":"Processed: \u001b[35mlayout/_partial/post_nav.jade\u001b[39m","time":"2018-08-09T03:58:56.549Z","v":0}
{"name":"hexo","hostname":"lenchu-Lenovo-Y430P","pid":12512,"level":20,"msg":"Processed: \u001b[35mlayout/_partial/search.jade\u001b[39m","time":"2018-08-09T03:58:56.549Z","v":0}
{"name":"hexo","hostname":"lenchu-Lenovo-Y430P","pid":12512,"level":20,"msg":"Processed: \u001b[35mlayout/_partial/share.jade\u001b[39m","time":"2018-08-09T03:58:56.549Z","v":0}
{"name":"hexo","hostname":"lenchu-Lenovo-Y430P","pid":12512,"level":20,"msg":"Processed: \u001b[35mlayout/_partial/tag.jade\u001b[39m","time":"2018-08-09T03:58:56.549Z","v":0}
{"name":"hexo","hostname":"lenchu-Lenovo-Y430P","pid":12512,"level":20,"msg":"Processed: \u001b[35mlayout/_partial/totop.jade\u001b[39m","time":"2018-08-09T03:58:56.549Z","v":0}
{"name":"hexo","hostname":"lenchu-Lenovo-Y430P","pid":12512,"level":20,"msg":"Processed: \u001b[35mlayout/_widget/archive.jade\u001b[39m","time":"2018-08-09T03:58:56.549Z","v":0}
{"name":"hexo","hostname":"lenchu-Lenovo-Y430P","pid":12512,"level":20,"msg":"Processed: \u001b[35mlayout/_widget/category.jade\u001b[39m","time":"2018-08-09T03:58:56.549Z","v":0}
{"name":"hexo","hostname":"lenchu-Lenovo-Y430P","pid":12512,"level":20,"msg":"Processed: \u001b[35mlayout/_widget/links.jade\u001b[39m","time":"2018-08-09T03:58:56.549Z","v":0}
{"name":"hexo","hostname":"lenchu-Lenovo-Y430P","pid":12512,"level":20,"msg":"Processed: \u001b[35mlayout/_widget/recent_comments.jade\u001b[39m","time":"2018-08-09T03:58:56.549Z","v":0}
{"name":"hexo","hostname":"lenchu-Lenovo-Y430P","pid":12512,"level":20,"msg":"Processed: \u001b[35mlayout/_widget/recent_posts.jade\u001b[39m","time":"2018-08-09T03:58:56.549Z","v":0}
{"name":"hexo","hostname":"lenchu-Lenovo-Y430P","pid":12512,"level":20,"msg":"Processed: \u001b[35mlayout/_widget/tag.jade\u001b[39m","time":"2018-08-09T03:58:56.549Z","v":0}
{"name":"hexo","hostname":"lenchu-Lenovo-Y430P","pid":12512,"level":20,"msg":"Processed: \u001b[35mlayout/_widget/weibo.jade\u001b[39m","time":"2018-08-09T03:58:56.549Z","v":0}
{"name":"hexo","hostname":"lenchu-Lenovo-Y430P","pid":12512,"level":20,"msg":"Generator: \u001b[35mpage\u001b[39m","time":"2018-08-09T03:58:56.668Z","v":0}
{"name":"hexo","hostname":"lenchu-Lenovo-Y430P","pid":12512,"level":20,"msg":"Generator: \u001b[35mpost\u001b[39m","time":"2018-08-09T03:58:56.668Z","v":0}
{"name":"hexo","hostname":"lenchu-Lenovo-Y430P","pid":12512,"level":20,"msg":"Generator: \u001b[35marchive\u001b[39m","time":"2018-08-09T03:58:56.668Z","v":0}
{"name":"hexo","hostname":"lenchu-Lenovo-Y430P","pid":12512,"level":20,"msg":"Generator: \u001b[35mcategory\u001b[39m","time":"2018-08-09T03:58:56.668Z","v":0}
{"name":"hexo","hostname":"lenchu-Lenovo-Y430P","pid":12512,"level":20,"msg":"Generator: \u001b[35mindex\u001b[39m","time":"2018-08-09T03:58:56.669Z","v":0}
{"name":"hexo","hostname":"lenchu-Lenovo-Y430P","pid":12512,"level":20,"msg":"Generator: \u001b[35mtag\u001b[39m","time":"2018-08-09T03:58:56.669Z","v":0}
{"name":"hexo","hostname":"lenchu-Lenovo-Y430P","pid":12512,"level":20,"msg":"Generator: \u001b[35masset\u001b[39m","time":"2018-08-09T03:58:56.669Z","v":0}
{"name":"hexo","hostname":"lenchu-Lenovo-Y430P","pid":12512,"level":30,"msg":"Hexo is running at \u001b[4mhttp://localhost:4000/\u001b[24m. Press Ctrl+C to stop.","time":"2018-08-09T03:58:56.673Z","v":0}
{"name":"hexo","hostname":"lenchu-Lenovo-Y430P","pid":12512,"level":20,"msg":"Database saved","time":"2018-08-09T03:58:56.676Z","v":0}
{"name":"hexo","hostname":"lenchu-Lenovo-Y430P","pid":12512,"level":20,"msg":"Rendering index: \u001b[35mindex.html\u001b[39m","time":"2018-08-09T03:58:59.772Z","v":0}
{"name":"hexo","hostname":"lenchu-Lenovo-Y430P","pid":12512,"level":20,"msg":"Rendering page: \u001b[35mabout/index.html\u001b[39m","time":"2018-08-09T03:59:02.593Z","v":0}
{"name":"hexo","hostname":"lenchu-Lenovo-Y430P","pid":12512,"level":20,"msg":"Rendering post: \u001b[35m2018/08/09/hello-world/index.html\u001b[39m","time":"2018-08-09T04:01:40.565Z","v":0}
{"name":"hexo","hostname":"lenchu-Lenovo-Y430P","pid":12512,"level":30,"msg":"Bye!","time":"2018-08-09T04:02:14.267Z","v":0}
{"name":"hexo","hostname":"lenchu-Lenovo-Y430P","pid":12512,"level":20,"msg":"Database saved","time":"2018-08-09T04:02:14.277Z","v":0}
